<?xml version="1.0" encoding="UTF-8"?>
<!-- Generated by org.testng.reporters.JUnitReportReporter -->
<testsuite hostname="LAPTOP-39B9NA9O" failures="0" tests="1" name="Maven_SCSR.Mvn_2_PageScroll" time="6.128" errors="0" timestamp="2024-09-16T22:32:16 IST" skipped="0">
  <testcase classname="Maven_SCSR.Mvn_2_PageScroll" name="scrollBar1" time="6.128"/>
</testsuite> <!-- Maven_SCSR.Mvn_2_PageScroll -->
