<?xml version="1.0" encoding="UTF-8"?>
<!-- Generated by org.testng.reporters.JUnitReportReporter -->
<testsuite hostname="LAPTOP-39B9NA9O" failures="0" tests="1" name="Maven_SCSR.Mvn_1_firstProgram" time="2.118" errors="0" timestamp="2024-09-16T16:30:01 IST" skipped="0">
  <testcase classname="Maven_SCSR.Mvn_1_firstProgram" name="f" time="2.118"/>
</testsuite> <!-- Maven_SCSR.Mvn_1_firstProgram -->
