<?xml version="1.0" encoding="UTF-8"?>
<!-- Generated by org.testng.reporters.JUnitReportReporter -->
<testsuite hostname="LAPTOP-39B9NA9O" failures="0" tests="4" name="FirstSegment.Registration" time="0.234" errors="0" timestamp="2024-09-17T16:33:17 IST" skipped="0">
  <testcase classname="FirstSegment.Registration" name="userName_Creation" time="0.005"/>
  <testcase classname="FirstSegment.Registration" name="userMobNumber_Creation" time="0.005"/>
  <testcase classname="FirstSegment.Registration" name="userID_Creation" time="0.004"/>
  <testcase classname="FirstSegment.Registration" name="userEmail_Creation" time="0.220"/>
</testsuite> <!-- FirstSegment.Registration -->
