<?xml version="1.0" encoding="UTF-8"?>
<!-- Generated by org.testng.reporters.JUnitReportReporter -->
<testsuite hostname="LAPTOP-39B9NA9O" failures="0" tests="3" name="ThirdSegment.WishList" time="0.016" errors="0" timestamp="2024-09-17T16:33:17 IST" skipped="0">
  <testcase classname="ThirdSegment.WishList" name="BuyOption" time="0.005"/>
  <testcase classname="ThirdSegment.WishList" name="favProducts" time="0.004"/>
  <testcase classname="ThirdSegment.WishList" name="Unfav_option" time="0.007"/>
</testsuite> <!-- ThirdSegment.WishList -->
